<?xml version="1.0" encoding="UTF-8"?>
<!-- Generated by org.testng.reporters.JUnitXMLReporter -->
<testsuite hostname="DESKTOP-KKIOJ2D" ignored="0" name="EdgeTest" tests="7" failures="0" timestamp="03 Mar 2021 04:46:50 GMT" time="231.342" errors="0">
  <testcase name="login" time="20.554" classname="com.looka.testcases.LogoManagement"/>
  <testcase name="addLogoToSaved" time="60.996" classname="com.looka.testcases.LogoManagement"/>
  <testcase name="addLogoToSaved" time="56.996" classname="com.looka.testcases.LogoManagement"/>
  <testcase name="deleteLogo" time="22.663" classname="com.looka.testcases.LogoManagement"/>
  <testcase name="deleteLogo" time="23.634" classname="com.looka.testcases.LogoManagement"/>
  <testcase name="deleteLogo" time="20.804" classname="com.looka.testcases.LogoManagement"/>
  <testcase name="logoff" time="13.68" classname="com.looka.testcases.LogoManagement"/>
</testsuite> <!-- EdgeTest -->
