<?xml version="1.0" encoding="UTF-8"?>
<!-- Generated by org.testng.reporters.JUnitXMLReporter -->
<testsuite hostname="DESKTOP-KKIOJ2D" ignored="0" name="FireFoxTest" tests="7" failures="4" timestamp="03 Mar 2021 04:36:58 GMT" time="192.379" errors="0">
  <testcase name="login" time="17.131" classname="com.looka.testcases.LogoManagement"/>
  <testcase name="addLogoToSaved" time="55.966" classname="com.looka.testcases.LogoManagement"/>
  <testcase name="addLogoToSaved" time="52.915" classname="com.looka.testcases.LogoManagement"/>
  <testcase name="deleteLogo" time="13.769" classname="com.looka.testcases.LogoManagement">
    <failure type="org.openqa.selenium.interactions.MoveTargetOutOfBoundsException" message="(879, 1358) is out of bounds of viewport width (1360) and height (899)
Build info: version: &amp;apos;3.141.59&amp;apos;, revision: &amp;apos;e82be7d358&amp;apos;, time: &amp;apos;2018-11-14T08:17:03&amp;apos;
System info: host: &amp;apos;DESKTOP-KKIOJ2D&amp;apos;, ip: &amp;apos;192.168.1.15&amp;apos;, os.name: &amp;apos;Windows 10&amp;apos;, os.arch: &amp;apos;amd64&amp;apos;, os.version: &amp;apos;10.0&amp;apos;, java.version: &amp;apos;1.8.0_281&amp;apos;
Driver info: org.openqa.selenium.remote.RemoteWebDriver
Capabilities {acceptInsecureCerts: false, browserName: firefox, browserVersion: 85.0.2, javascriptEnabled: true, moz:accessibilityChecks: false, moz:buildID: 20210208133944, moz:geckodriverVersion: 0.29.0, moz:headless: false, moz:processID: 1406, moz:profile: /tmp/rust_mozprofileZZKhiA, moz:shutdownTimeout: 60000, moz:useNonSpecCompliantPointerOrigin: false, moz:webdriverClick: true, pageLoadStrategy: normal, platform: LINUX, platformName: LINUX, platformVersion: 5.4.72-microsoft-standard-WSL2, rotatable: false, setWindowRect: true, strictFileInteractability: false, timeouts: {implicit: 0, pageLoad: 300000, script: 30000}, unhandledPromptBehavior: dismiss and notify}
Session ID: adac614f-118d-4eb2-ae76-9dbe4d5763ea">
      <![CDATA[org.openqa.selenium.interactions.MoveTargetOutOfBoundsException: (879, 1358) is out of bounds of viewport width (1360) and height (899)
Build info: version: '3.141.59', revision: 'e82be7d358', time: '2018-11-14T08:17:03'
System info: host: 'DESKTOP-KKIOJ2D', ip: '192.168.1.15', os.name: 'Windows 10', os.arch: 'amd64', os.version: '10.0', java.version: '1.8.0_281'
Driver info: org.openqa.selenium.remote.RemoteWebDriver
Capabilities {acceptInsecureCerts: false, browserName: firefox, browserVersion: 85.0.2, javascriptEnabled: true, moz:accessibilityChecks: false, moz:buildID: 20210208133944, moz:geckodriverVersion: 0.29.0, moz:headless: false, moz:processID: 1406, moz:profile: /tmp/rust_mozprofileZZKhiA, moz:shutdownTimeout: 60000, moz:useNonSpecCompliantPointerOrigin: false, moz:webdriverClick: true, pageLoadStrategy: normal, platform: LINUX, platformName: LINUX, platformVersion: 5.4.72-microsoft-standard-WSL2, rotatable: false, setWindowRect: true, strictFileInteractability: false, timeouts: {implicit: 0, pageLoad: 300000, script: 30000}, unhandledPromptBehavior: dismiss and notify}
Session ID: adac614f-118d-4eb2-ae76-9dbe4d5763ea
at org.openqa.selenium.remote.http.W3CHttpResponseCodec.createException(W3CHttpResponseCodec.java:187)
at org.openqa.selenium.remote.http.W3CHttpResponseCodec.decode(W3CHttpResponseCodec.java:122)
at org.openqa.selenium.remote.http.W3CHttpResponseCodec.decode(W3CHttpResponseCodec.java:49)
at org.openqa.selenium.remote.HttpCommandExecutor.execute(HttpCommandExecutor.java:158)
at org.openqa.selenium.remote.RemoteWebDriver.execute(RemoteWebDriver.java:552)
at org.openqa.selenium.remote.RemoteWebDriver.perform(RemoteWebDriver.java:618)
at org.openqa.selenium.interactions.Actions$BuiltAction.perform(Actions.java:639)
at org.openqa.selenium.interactions.Actions.perform(Actions.java:595)
at com.looka.pages.DashboardPage.deleteLogoByID(DashboardPage.java:77)
at com.looka.pages.DashboardPage.deleteLogoByIndex(DashboardPage.java:120)
at com.looka.testcases.LogoManagement.deleteLogo(LogoManagement.java:180)
at java.util.concurrent.FutureTask.run(FutureTask.java:266)
at java.util.concurrent.ThreadPoolExecutor.runWorker(ThreadPoolExecutor.java:1149)
at java.util.concurrent.ThreadPoolExecutor$Worker.run(ThreadPoolExecutor.java:624)
at java.lang.Thread.run(Thread.java:748)
... Removed 20 stack frames]]>
    </failure>
  </testcase> <!-- deleteLogo -->
  <testcase name="deleteLogo" time="11.819" classname="com.looka.testcases.LogoManagement">
    <failure type="org.openqa.selenium.interactions.MoveTargetOutOfBoundsException" message="(879, 1358) is out of bounds of viewport width (1360) and height (899)
Build info: version: &amp;apos;3.141.59&amp;apos;, revision: &amp;apos;e82be7d358&amp;apos;, time: &amp;apos;2018-11-14T08:17:03&amp;apos;
System info: host: &amp;apos;DESKTOP-KKIOJ2D&amp;apos;, ip: &amp;apos;192.168.1.15&amp;apos;, os.name: &amp;apos;Windows 10&amp;apos;, os.arch: &amp;apos;amd64&amp;apos;, os.version: &amp;apos;10.0&amp;apos;, java.version: &amp;apos;1.8.0_281&amp;apos;
Driver info: org.openqa.selenium.remote.RemoteWebDriver
Capabilities {acceptInsecureCerts: false, browserName: firefox, browserVersion: 85.0.2, javascriptEnabled: true, moz:accessibilityChecks: false, moz:buildID: 20210208133944, moz:geckodriverVersion: 0.29.0, moz:headless: false, moz:processID: 1406, moz:profile: /tmp/rust_mozprofileZZKhiA, moz:shutdownTimeout: 60000, moz:useNonSpecCompliantPointerOrigin: false, moz:webdriverClick: true, pageLoadStrategy: normal, platform: LINUX, platformName: LINUX, platformVersion: 5.4.72-microsoft-standard-WSL2, rotatable: false, setWindowRect: true, strictFileInteractability: false, timeouts: {implicit: 0, pageLoad: 300000, script: 30000}, unhandledPromptBehavior: dismiss and notify}
Session ID: adac614f-118d-4eb2-ae76-9dbe4d5763ea">
      <![CDATA[org.openqa.selenium.interactions.MoveTargetOutOfBoundsException: (879, 1358) is out of bounds of viewport width (1360) and height (899)
Build info: version: '3.141.59', revision: 'e82be7d358', time: '2018-11-14T08:17:03'
System info: host: 'DESKTOP-KKIOJ2D', ip: '192.168.1.15', os.name: 'Windows 10', os.arch: 'amd64', os.version: '10.0', java.version: '1.8.0_281'
Driver info: org.openqa.selenium.remote.RemoteWebDriver
Capabilities {acceptInsecureCerts: false, browserName: firefox, browserVersion: 85.0.2, javascriptEnabled: true, moz:accessibilityChecks: false, moz:buildID: 20210208133944, moz:geckodriverVersion: 0.29.0, moz:headless: false, moz:processID: 1406, moz:profile: /tmp/rust_mozprofileZZKhiA, moz:shutdownTimeout: 60000, moz:useNonSpecCompliantPointerOrigin: false, moz:webdriverClick: true, pageLoadStrategy: normal, platform: LINUX, platformName: LINUX, platformVersion: 5.4.72-microsoft-standard-WSL2, rotatable: false, setWindowRect: true, strictFileInteractability: false, timeouts: {implicit: 0, pageLoad: 300000, script: 30000}, unhandledPromptBehavior: dismiss and notify}
Session ID: adac614f-118d-4eb2-ae76-9dbe4d5763ea
at org.openqa.selenium.remote.http.W3CHttpResponseCodec.createException(W3CHttpResponseCodec.java:187)
at org.openqa.selenium.remote.http.W3CHttpResponseCodec.decode(W3CHttpResponseCodec.java:122)
at org.openqa.selenium.remote.http.W3CHttpResponseCodec.decode(W3CHttpResponseCodec.java:49)
at org.openqa.selenium.remote.HttpCommandExecutor.execute(HttpCommandExecutor.java:158)
at org.openqa.selenium.remote.RemoteWebDriver.execute(RemoteWebDriver.java:552)
at org.openqa.selenium.remote.RemoteWebDriver.perform(RemoteWebDriver.java:618)
at org.openqa.selenium.interactions.Actions$BuiltAction.perform(Actions.java:639)
at org.openqa.selenium.interactions.Actions.perform(Actions.java:595)
at com.looka.pages.DashboardPage.deleteLogoByID(DashboardPage.java:77)
at com.looka.pages.DashboardPage.deleteLogoByIndex(DashboardPage.java:120)
at com.looka.testcases.LogoManagement.deleteLogo(LogoManagement.java:180)
at java.util.concurrent.FutureTask.run(FutureTask.java:266)
at java.util.concurrent.ThreadPoolExecutor.runWorker(ThreadPoolExecutor.java:1149)
at java.util.concurrent.ThreadPoolExecutor$Worker.run(ThreadPoolExecutor.java:624)
at java.lang.Thread.run(Thread.java:748)
... Removed 20 stack frames]]>
    </failure>
  </testcase> <!-- deleteLogo -->
  <testcase name="deleteLogo" time="12.264" classname="com.looka.testcases.LogoManagement">
    <failure type="org.openqa.selenium.interactions.MoveTargetOutOfBoundsException" message="(879, 1358) is out of bounds of viewport width (1360) and height (899)
Build info: version: &amp;apos;3.141.59&amp;apos;, revision: &amp;apos;e82be7d358&amp;apos;, time: &amp;apos;2018-11-14T08:17:03&amp;apos;
System info: host: &amp;apos;DESKTOP-KKIOJ2D&amp;apos;, ip: &amp;apos;192.168.1.15&amp;apos;, os.name: &amp;apos;Windows 10&amp;apos;, os.arch: &amp;apos;amd64&amp;apos;, os.version: &amp;apos;10.0&amp;apos;, java.version: &amp;apos;1.8.0_281&amp;apos;
Driver info: org.openqa.selenium.remote.RemoteWebDriver
Capabilities {acceptInsecureCerts: false, browserName: firefox, browserVersion: 85.0.2, javascriptEnabled: true, moz:accessibilityChecks: false, moz:buildID: 20210208133944, moz:geckodriverVersion: 0.29.0, moz:headless: false, moz:processID: 1406, moz:profile: /tmp/rust_mozprofileZZKhiA, moz:shutdownTimeout: 60000, moz:useNonSpecCompliantPointerOrigin: false, moz:webdriverClick: true, pageLoadStrategy: normal, platform: LINUX, platformName: LINUX, platformVersion: 5.4.72-microsoft-standard-WSL2, rotatable: false, setWindowRect: true, strictFileInteractability: false, timeouts: {implicit: 0, pageLoad: 300000, script: 30000}, unhandledPromptBehavior: dismiss and notify}
Session ID: adac614f-118d-4eb2-ae76-9dbe4d5763ea">
      <![CDATA[org.openqa.selenium.interactions.MoveTargetOutOfBoundsException: (879, 1358) is out of bounds of viewport width (1360) and height (899)
Build info: version: '3.141.59', revision: 'e82be7d358', time: '2018-11-14T08:17:03'
System info: host: 'DESKTOP-KKIOJ2D', ip: '192.168.1.15', os.name: 'Windows 10', os.arch: 'amd64', os.version: '10.0', java.version: '1.8.0_281'
Driver info: org.openqa.selenium.remote.RemoteWebDriver
Capabilities {acceptInsecureCerts: false, browserName: firefox, browserVersion: 85.0.2, javascriptEnabled: true, moz:accessibilityChecks: false, moz:buildID: 20210208133944, moz:geckodriverVersion: 0.29.0, moz:headless: false, moz:processID: 1406, moz:profile: /tmp/rust_mozprofileZZKhiA, moz:shutdownTimeout: 60000, moz:useNonSpecCompliantPointerOrigin: false, moz:webdriverClick: true, pageLoadStrategy: normal, platform: LINUX, platformName: LINUX, platformVersion: 5.4.72-microsoft-standard-WSL2, rotatable: false, setWindowRect: true, strictFileInteractability: false, timeouts: {implicit: 0, pageLoad: 300000, script: 30000}, unhandledPromptBehavior: dismiss and notify}
Session ID: adac614f-118d-4eb2-ae76-9dbe4d5763ea
at org.openqa.selenium.remote.http.W3CHttpResponseCodec.createException(W3CHttpResponseCodec.java:187)
at org.openqa.selenium.remote.http.W3CHttpResponseCodec.decode(W3CHttpResponseCodec.java:122)
at org.openqa.selenium.remote.http.W3CHttpResponseCodec.decode(W3CHttpResponseCodec.java:49)
at org.openqa.selenium.remote.HttpCommandExecutor.execute(HttpCommandExecutor.java:158)
at org.openqa.selenium.remote.RemoteWebDriver.execute(RemoteWebDriver.java:552)
at org.openqa.selenium.remote.RemoteWebDriver.perform(RemoteWebDriver.java:618)
at org.openqa.selenium.interactions.Actions$BuiltAction.perform(Actions.java:639)
at org.openqa.selenium.interactions.Actions.perform(Actions.java:595)
at com.looka.pages.DashboardPage.deleteLogoByID(DashboardPage.java:77)
at com.looka.pages.DashboardPage.deleteLogoByIndex(DashboardPage.java:120)
at com.looka.testcases.LogoManagement.deleteLogo(LogoManagement.java:180)
at java.util.concurrent.FutureTask.run(FutureTask.java:266)
at java.util.concurrent.ThreadPoolExecutor.runWorker(ThreadPoolExecutor.java:1149)
at java.util.concurrent.ThreadPoolExecutor$Worker.run(ThreadPoolExecutor.java:624)
at java.lang.Thread.run(Thread.java:748)
... Removed 20 stack frames]]>
    </failure>
  </testcase> <!-- deleteLogo -->
  <testcase name="logoff" time="14.638" classname="com.looka.testcases.LogoManagement">
    <failure type="java.lang.AssertionError" message="Set test result to FAIL due to failed steps">
      <![CDATA[java.lang.AssertionError: Set test result to FAIL due to failed steps
at utilities.auto.TestNGListener.onTestSuccess(TestNGListener.java:55)
at java.util.concurrent.FutureTask.run(FutureTask.java:266)
at java.util.concurrent.ThreadPoolExecutor.runWorker(ThreadPoolExecutor.java:1149)
at java.util.concurrent.ThreadPoolExecutor$Worker.run(ThreadPoolExecutor.java:624)
at java.lang.Thread.run(Thread.java:748)
... Removed 14 stack frames]]>
    </failure>
  </testcase> <!-- logoff -->
</testsuite> <!-- FireFoxTest -->
